<?xml version="1.0" encoding="UTF-8"?>
<testsuite xmlns:xsi="http://www.w3.org/2001/XMLSchema-instance" xsi:noNamespaceSchemaLocation="https://maven.apache.org/surefire/maven-surefire-plugin/xsd/surefire-test-report.xsd" version="3.0.2" name="playwright.CometElite.SingleRun" time="42.256" tests="1" errors="0" skipped="0" failures="0">
  <properties>
    <property name="java.specification.version" value="21"/>
    <property name="sun.cpu.isalist" value="amd64"/>
    <property name="sun.jnu.encoding" value="Cp1252"/>
    <property name="java.class.path" value="C:\Users\Elite66\eclipse-workspace\CometElite\target\test-classes;C:\Users\Elite66\eclipse-workspace\CometElite\target\classes;C:\Users\Elite66\.m2\repository\com\microsoft\playwright\playwright\1.48.0\playwright-1.48.0.jar;C:\Users\Elite66\.m2\repository\com\google\code\gson\gson\2.11.0\gson-2.11.0.jar;C:\Users\Elite66\.m2\repository\com\google\errorprone\error_prone_annotations\2.27.0\error_prone_annotations-2.27.0.jar;C:\Users\Elite66\.m2\repository\org\opentest4j\opentest4j\1.3.0\opentest4j-1.3.0.jar;C:\Users\Elite66\.m2\repository\com\microsoft\playwright\driver\1.48.0\driver-1.48.0.jar;C:\Users\Elite66\.m2\repository\com\microsoft\playwright\driver-bundle\1.48.0\driver-bundle-1.48.0.jar;C:\Users\Elite66\.m2\repository\com\aventstack\extentreports\5.1.2\extentreports-5.1.2.jar;C:\Users\Elite66\.m2\repository\io\reactivex\rxjava3\rxjava\3.1.6\rxjava-3.1.6.jar;C:\Users\Elite66\.m2\repository\org\reactivestreams\reactive-streams\1.0.4\reactive-streams-1.0.4.jar;C:\Users\Elite66\.m2\repository\org\freemarker\freemarker\2.3.32\freemarker-2.3.32.jar;C:\Users\Elite66\.m2\repository\org\projectlombok\lombok\1.18.26\lombok-1.18.26.jar;C:\Users\Elite66\.m2\repository\org\testng\testng\7.10.2\testng-7.10.2.jar;C:\Users\Elite66\.m2\repository\org\slf4j\slf4j-api\1.7.36\slf4j-api-1.7.36.jar;C:\Users\Elite66\.m2\repository\com\beust\jcommander\1.82\jcommander-1.82.jar;C:\Users\Elite66\.m2\repository\org\webjars\jquery\3.7.1\jquery-3.7.1.jar;C:\Users\Elite66\.m2\repository\org\slf4j\slf4j-simple\1.7.36\slf4j-simple-1.7.36.jar;C:\Users\Elite66\.m2\repository\javax\mail\javax.mail-api\1.6.2\javax.mail-api-1.6.2.jar;C:\Users\Elite66\.m2\repository\com\sun\mail\javax.mail\1.6.2\javax.mail-1.6.2.jar;C:\Users\Elite66\.m2\repository\javax\activation\activation\1.1\activation-1.1.jar;"/>
    <property name="java.vm.vendor" value="Oracle Corporation"/>
    <property name="sun.arch.data.model" value="64"/>
    <property name="user.variant" value=""/>
    <property name="java.vendor.url" value="https://java.oracle.com/"/>
    <property name="user.timezone" value="Asia/Calcutta"/>
    <property name="os.name" value="Windows 11"/>
    <property name="java.vm.specification.version" value="21"/>
    <property name="sun.java.launcher" value="SUN_STANDARD"/>
    <property name="user.country" value="IN"/>
    <property name="sun.boot.library.path" value="C:\Program Files\Java\jdk-21\bin"/>
    <property name="sun.java.command" value="C:\Users\Elite66\AppData\Local\Temp\surefire5883365997160632292\surefirebooter-20241112131901540_3.jar C:\Users\Elite66\AppData\Local\Temp\surefire5883365997160632292 2024-11-12T13-19-01_204-jvmRun1 surefire-20241112131901540_1tmp surefire_0-20241112131901540_2tmp"/>
    <property name="jdk.debug" value="release"/>
    <property name="surefire.test.class.path" value="C:\Users\Elite66\eclipse-workspace\CometElite\target\test-classes;C:\Users\Elite66\eclipse-workspace\CometElite\target\classes;C:\Users\Elite66\.m2\repository\com\microsoft\playwright\playwright\1.48.0\playwright-1.48.0.jar;C:\Users\Elite66\.m2\repository\com\google\code\gson\gson\2.11.0\gson-2.11.0.jar;C:\Users\Elite66\.m2\repository\com\google\errorprone\error_prone_annotations\2.27.0\error_prone_annotations-2.27.0.jar;C:\Users\Elite66\.m2\repository\org\opentest4j\opentest4j\1.3.0\opentest4j-1.3.0.jar;C:\Users\Elite66\.m2\repository\com\microsoft\playwright\driver\1.48.0\driver-1.48.0.jar;C:\Users\Elite66\.m2\repository\com\microsoft\playwright\driver-bundle\1.48.0\driver-bundle-1.48.0.jar;C:\Users\Elite66\.m2\repository\com\aventstack\extentreports\5.1.2\extentreports-5.1.2.jar;C:\Users\Elite66\.m2\repository\io\reactivex\rxjava3\rxjava\3.1.6\rxjava-3.1.6.jar;C:\Users\Elite66\.m2\repository\org\reactivestreams\reactive-streams\1.0.4\reactive-streams-1.0.4.jar;C:\Users\Elite66\.m2\repository\org\freemarker\freemarker\2.3.32\freemarker-2.3.32.jar;C:\Users\Elite66\.m2\repository\org\projectlombok\lombok\1.18.26\lombok-1.18.26.jar;C:\Users\Elite66\.m2\repository\org\testng\testng\7.10.2\testng-7.10.2.jar;C:\Users\Elite66\.m2\repository\org\slf4j\slf4j-api\1.7.36\slf4j-api-1.7.36.jar;C:\Users\Elite66\.m2\repository\com\beust\jcommander\1.82\jcommander-1.82.jar;C:\Users\Elite66\.m2\repository\org\webjars\jquery\3.7.1\jquery-3.7.1.jar;C:\Users\Elite66\.m2\repository\org\slf4j\slf4j-simple\1.7.36\slf4j-simple-1.7.36.jar;C:\Users\Elite66\.m2\repository\javax\mail\javax.mail-api\1.6.2\javax.mail-api-1.6.2.jar;C:\Users\Elite66\.m2\repository\com\sun\mail\javax.mail\1.6.2\javax.mail-1.6.2.jar;C:\Users\Elite66\.m2\repository\javax\activation\activation\1.1\activation-1.1.jar;"/>
    <property name="sun.cpu.endian" value="little"/>
    <property name="user.home" value="C:\Users\Elite66"/>
    <property name="user.language" value="en"/>
    <property name="mail.smtp.socketFactory.class" value="javax.net.ssl.SSLSocketFactory"/>
    <property name="java.specification.vendor" value="Oracle Corporation"/>
    <property name="java.version.date" value="2024-10-15"/>
    <property name="java.home" value="C:\Program Files\Java\jdk-21"/>
    <property name="mail.smtp.auth" value="true"/>
    <property name="mail.smtp.host" value="smtp.gmail.com"/>
    <property name="file.separator" value="\"/>
    <property name="basedir" value="C:\Users\Elite66\eclipse-workspace\CometElite"/>
    <property name="style.color" value="always"/>
    <property name="java.vm.compressedOopsMode" value="Zero based"/>
    <property name="line.separator" value="&#10;"/>
    <property name="java.vm.specification.vendor" value="Oracle Corporation"/>
    <property name="java.specification.name" value="Java Platform API Specification"/>
    <property name="surefire.real.class.path" value="C:\Users\Elite66\AppData\Local\Temp\surefire5883365997160632292\surefirebooter-20241112131901540_3.jar"/>
    <property name="user.script" value=""/>
    <property name="sun.management.compiler" value="HotSpot 64-Bit Tiered Compilers"/>
    <property name="java.runtime.version" value="21.0.5+9-LTS-239"/>
    <property name="user.name" value="Elite66"/>
    <property name="mail.smtp.port" value="465"/>
    <property name="stdout.encoding" value="Cp1252"/>
    <property name="path.separator" value=";"/>
    <property name="os.version" value="10.0"/>
    <property name="java.runtime.name" value="Java(TM) SE Runtime Environment"/>
    <property name="file.encoding" value="UTF-8"/>
    <property name="java.vm.name" value="Java HotSpot(TM) 64-Bit Server VM"/>
    <property name="localRepository" value="C:\Users\Elite66\.m2\repository"/>
    <property name="java.vendor.url.bug" value="https://bugreport.java.com/bugreport/"/>
    <property name="java.io.tmpdir" value="C:\Users\Elite66\AppData\Local\Temp\"/>
    <property name="java.version" value="21.0.5"/>
    <property name="user.dir" value="C:\Users\Elite66\eclipse-workspace\CometElite"/>
    <property name="os.arch" value="amd64"/>
    <property name="java.vm.specification.name" value="Java Virtual Machine Specification"/>
    <property name="sun.os.patch.level" value=""/>
    <property name="native.encoding" value="Cp1252"/>
    <property name="java.library.path" value="C:\Program Files\Java\jdk-21\bin;C:\Windows\Sun\Java\bin;C:\Windows\system32;C:\Windows;C:\Program Files\Common Files\Oracle\Java\javapath;C:\Windows\system32;C:\Windows;C:\Windows\System32\Wbem;C:\Windows\System32\WindowsPowerShell\v1.0\;C:\Windows\System32\OpenSSH\;C:\Program Files\dotnet\;C:\Program Files\Microsoft VS Code\bin;C:\Program Files\nodejs\;C:\Program Files (x86)\Microsoft SQL Server\160\DTS\Binn\;C:\Program Files\Azure Data Studio\bin;C:\Program Files (x86)\Microsoft SQL Server\160\Tools\Binn\;C:\Program Files\Microsoft SQL Server\160\Tools\Binn\;C:\Program Files\Microsoft SQL Server\Client SDK\ODBC\170\Tools\Binn\;C:\Program Files\Microsoft SQL Server\160\DTS\Binn\;C:\Program Files\Microsoft SQL Server\150\Tools\Binn\;C:\Program Files (x86)\Windows Kits\10\Windows Performance Toolkit\;C:\Program Files\Git\cmd;C:\Users\Elite66\AppData\Local\Android\Sdk\platform-tools;C:\Program Files\apache-maven-3.9.9\bin;C:\Program Files\Java\jdk-21\bin;C:\Users\Elite66\AppData\Local\Microsoft\WindowsApps;C:\Users\Elite66\.dotnet\tools;C:\Users\Elite66\AppData\Roaming\npm;C:\Program Files\Azure Data Studio\bin;C:\Users\Elite66\AppData\Local\GitHubDesktop\bin;C:\Program Files\apache-maven-3.9.9;;."/>
    <property name="java.vm.info" value="mixed mode, sharing"/>
    <property name="stderr.encoding" value="Cp1252"/>
    <property name="java.vendor" value="Oracle Corporation"/>
    <property name="java.vm.version" value="21.0.5+9-LTS-239"/>
    <property name="sun.io.unicode.encoding" value="UnicodeLittle"/>
    <property name="java.class.version" value="65.0"/>
    <property name="mail.smtp.socketFactory.port" value="465"/>
  </properties>
  <testcase name="testLoginAndNavigate" classname="playwright.CometElite.SingleRun" time="41.978">
    <system-out><![CDATA[Email sent successfully with report attached.
]]></system-out>
  </testcase>
</testsuite>