<?xml version="1.0" encoding="UTF-8"?>
<!-- Generated by org.testng.reporters.JUnitReportReporter -->
<testsuite hostname="DEV66" failures="0" tests="1" name="playwright.CometElite.SingleRun" time="41.976" errors="0" timestamp="2024-11-12T13:19:44 IST" skipped="0">
  <testcase classname="playwright.CometElite.SingleRun" name="testLoginAndNavigate" time="41.976"/>
</testsuite> <!-- playwright.CometElite.SingleRun -->
